<?xml version="1.0" encoding="UTF-8"?>
<!-- Generated by org.testng.reporters.JUnitXMLReporter -->
<testsuite ignored="6" hostname="Nuvobook_V1" failures="0" tests="2" name="Test" time="56.648" errors="0" timestamp="2025-03-27T14:55:05 IST">
  <testcase classname="testCaseRepo.TC_003" name="LE_003" time="16.995"/>
  <testcase classname="testCaseRepo.TC_001" name="LE_001" time="15.796"/>
  <testcase classname="testCaseRepo.TC_001" name="demo" time="0.0">
    <ignored/>
  </testcase> <!-- demo -->
  <testcase classname="genericUtility.BaseClass" name="@BeforeSuite dbConnection" time="0.0">
    <ignored/>
  </testcase> <!-- @BeforeSuite dbConnection -->
  <testcase classname="genericUtility.BaseClass" name="@AfterSuite CloseDBConnection" time="0.0">
    <ignored/>
  </testcase> <!-- @AfterSuite CloseDBConnection -->
  <testcase classname="genericUtility.BaseClass" name="@AfterSuite CloseDBConnection" time="0.0">
    <ignored/>
  </testcase> <!-- @AfterSuite CloseDBConnection -->
  <testcase classname="testCaseRepo.TC_005" name="CO_005" time="0.0">
    <ignored/>
  </testcase> <!-- CO_005 -->
  <testcase classname="genericUtility.BaseClass" name="@BeforeSuite dbConnection" time="0.0">
    <ignored/>
  </testcase> <!-- @BeforeSuite dbConnection -->
</testsuite> <!-- Test -->
