<?xml version="1.0" encoding="UTF-8"?>
<testng-results ignored="0" total="2" passed="2" failed="0" skipped="0">
  <reporter-output>
    <line>
      <![CDATA[LE_003->On Test start]]>
    </line>
    <line>
      <![CDATA[LE_003->On Test success]]>
    </line>
    <line>
      <![CDATA[LE_001->On Test start]]>
    </line>
    <line>
      <![CDATA[LE_001->On Test success]]>
    </line>
  </reporter-output>
  <suite started-at="2025-03-27T14:54:08 IST" name="Suite" finished-at="2025-03-27T14:55:05 IST" duration-ms="56648">
    <groups>
      <group name="Sanity">
        <method signature="TC_001.LE_001()[pri:0, instance:testCaseRepo.TC_001@7ec7ffd3]" name="LE_001" class="testCaseRepo.TC_001"/>
        <method signature="TC_003.LE_003()[pri:0, instance:testCaseRepo.TC_003@294425a7]" name="LE_003" class="testCaseRepo.TC_003"/>
      </group> <!-- Sanity -->
      <group name="Regression">
        <method signature="TC_003.LE_003()[pri:0, instance:testCaseRepo.TC_003@294425a7]" name="LE_003" class="testCaseRepo.TC_003"/>
      </group> <!-- Regression -->
      <group name="Smoke">
        <method signature="TC_001.LE_001()[pri:0, instance:testCaseRepo.TC_001@7ec7ffd3]" name="LE_001" class="testCaseRepo.TC_001"/>
      </group> <!-- Smoke -->
    </groups>
    <test started-at="2025-03-27T14:54:08 IST" name="Test" finished-at="2025-03-27T14:55:05 IST" duration-ms="56648">
      <class name="testCaseRepo.TC_001">
        <test-method is-config="true" signature="launchBrowser(java.lang.String)[pri:0, instance:testCaseRepo.TC_001@7ec7ffd3]" started-at="2025-03-27T14:54:38 IST" name="launchBrowser" finished-at="2025-03-27T14:54:42 IST" duration-ms="4356" status="PASS">
          <params>
            <param index="0">
              <value>
                <![CDATA[edge]]>
              </value>
            </param>
          </params>
          <reporter-output>
          </reporter-output>
        </test-method> <!-- launchBrowser -->
        <test-method is-config="true" signature="loginOperation()[pri:0, instance:testCaseRepo.TC_001@7ec7ffd3]" started-at="2025-03-27T14:54:42 IST" name="loginOperation" finished-at="2025-03-27T14:54:47 IST" duration-ms="4641" status="PASS">
          <reporter-output>
          </reporter-output>
        </test-method> <!-- loginOperation -->
        <test-method signature="LE_001()[pri:0, instance:testCaseRepo.TC_001@7ec7ffd3]" started-at="2025-03-27T14:54:47 IST" name="LE_001" finished-at="2025-03-27T14:55:02 IST" duration-ms="15796" status="PASS">
          <reporter-output>
            <line>
              <![CDATA[LE_001->On Test start]]>
            </line>
            <line>
              <![CDATA[LE_001->On Test success]]>
            </line>
          </reporter-output>
        </test-method> <!-- LE_001 -->
        <test-method is-config="true" signature="signoutOperation()[pri:0, instance:testCaseRepo.TC_001@7ec7ffd3]" started-at="2025-03-27T14:55:02 IST" name="signoutOperation" finished-at="2025-03-27T14:55:05 IST" duration-ms="2318" status="PASS">
          <reporter-output>
          </reporter-output>
        </test-method> <!-- signoutOperation -->
        <test-method is-config="true" signature="closeBrowser()[pri:0, instance:testCaseRepo.TC_001@7ec7ffd3]" started-at="2025-03-27T14:55:05 IST" name="closeBrowser" finished-at="2025-03-27T14:55:05 IST" duration-ms="0" status="PASS">
          <reporter-output>
          </reporter-output>
        </test-method> <!-- closeBrowser -->
      </class> <!-- testCaseRepo.TC_001 -->
      <class name="testCaseRepo.TC_003">
        <test-method is-config="true" signature="dbConnection()[pri:0, instance:testCaseRepo.TC_003@294425a7]" started-at="2025-03-27T14:54:08 IST" name="dbConnection" finished-at="2025-03-27T14:54:08 IST" duration-ms="12" status="PASS">
          <reporter-output>
          </reporter-output>
        </test-method> <!-- dbConnection -->
        <test-method is-config="true" signature="launchBrowser(java.lang.String)[pri:0, instance:testCaseRepo.TC_003@294425a7]" started-at="2025-03-27T14:54:08 IST" name="launchBrowser" finished-at="2025-03-27T14:54:13 IST" duration-ms="5174" status="PASS">
          <params>
            <param index="0">
              <value>
                <![CDATA[edge]]>
              </value>
            </param>
          </params>
          <reporter-output>
          </reporter-output>
        </test-method> <!-- launchBrowser -->
        <test-method is-config="true" signature="loginOperation()[pri:0, instance:testCaseRepo.TC_003@294425a7]" started-at="2025-03-27T14:54:13 IST" name="loginOperation" finished-at="2025-03-27T14:54:18 IST" duration-ms="4696" status="PASS">
          <reporter-output>
          </reporter-output>
        </test-method> <!-- loginOperation -->
        <test-method signature="LE_003()[pri:0, instance:testCaseRepo.TC_003@294425a7]" started-at="2025-03-27T14:54:18 IST" name="LE_003" finished-at="2025-03-27T14:54:35 IST" duration-ms="16995" status="PASS">
          <reporter-output>
            <line>
              <![CDATA[LE_003->On Test start]]>
            </line>
            <line>
              <![CDATA[LE_003->On Test success]]>
            </line>
          </reporter-output>
        </test-method> <!-- LE_003 -->
        <test-method is-config="true" signature="signoutOperation()[pri:0, instance:testCaseRepo.TC_003@294425a7]" started-at="2025-03-27T14:54:35 IST" name="signoutOperation" finished-at="2025-03-27T14:54:37 IST" duration-ms="2376" status="PASS">
          <reporter-output>
          </reporter-output>
        </test-method> <!-- signoutOperation -->
        <test-method is-config="true" signature="closeBrowser()[pri:0, instance:testCaseRepo.TC_003@294425a7]" started-at="2025-03-27T14:54:37 IST" name="closeBrowser" finished-at="2025-03-27T14:54:37 IST" duration-ms="0" status="PASS">
          <reporter-output>
          </reporter-output>
        </test-method> <!-- closeBrowser -->
        <test-method is-config="true" signature="CloseDBConnection()[pri:0, instance:testCaseRepo.TC_003@294425a7]" started-at="2025-03-27T14:55:05 IST" name="CloseDBConnection" finished-at="2025-03-27T14:55:05 IST" duration-ms="0" status="PASS">
          <reporter-output>
          </reporter-output>
        </test-method> <!-- CloseDBConnection -->
      </class> <!-- testCaseRepo.TC_003 -->
    </test> <!-- Test -->
  </suite> <!-- Suite -->
</testng-results>
