<?xml version="1.0" encoding="UTF-8"?>
<testng-results ignored="0" total="1" passed="1" failed="0" skipped="0">
  <reporter-output>
  </reporter-output>
  <suite started-at="2025-04-03T15:11:53 IST" name="Default suite" finished-at="2025-04-03T15:12:21 IST" duration-ms="28518">
    <groups>
      <group name="Regression">
        <method signature="TC_005.CO_005()[pri:0, instance:testCaseRepo.TC_005@131ef10]" name="CO_005" class="testCaseRepo.TC_005"/>
      </group> <!-- Regression -->
      <group name="Smoke">
        <method signature="TC_005.CO_005()[pri:0, instance:testCaseRepo.TC_005@131ef10]" name="CO_005" class="testCaseRepo.TC_005"/>
      </group> <!-- Smoke -->
    </groups>
    <test started-at="2025-04-03T15:11:53 IST" name="Default test" finished-at="2025-04-03T15:12:21 IST" duration-ms="28518">
      <class name="testCaseRepo.TC_005">
        <test-method is-config="true" signature="dbConnection()[pri:0, instance:testCaseRepo.TC_005@131ef10]" started-at="2025-04-03T15:11:53 IST" name="dbConnection" finished-at="2025-04-03T15:11:53 IST" duration-ms="17" status="PASS">
          <reporter-output>
          </reporter-output>
        </test-method> <!-- dbConnection -->
        <test-method is-config="true" signature="launchBrowser(java.lang.String)[pri:0, instance:testCaseRepo.TC_005@131ef10]" started-at="2025-04-03T15:11:53 IST" name="launchBrowser" finished-at="2025-04-03T15:11:56 IST" duration-ms="2854" status="PASS">
          <params>
            <param index="0">
              <value>
                <![CDATA[chrome]]>
              </value>
            </param>
          </params>
          <reporter-output>
          </reporter-output>
        </test-method> <!-- launchBrowser -->
        <test-method is-config="true" signature="loginOperation()[pri:0, instance:testCaseRepo.TC_005@131ef10]" started-at="2025-04-03T15:11:56 IST" name="loginOperation" finished-at="2025-04-03T15:12:00 IST" duration-ms="4241" status="PASS">
          <reporter-output>
          </reporter-output>
        </test-method> <!-- loginOperation -->
        <test-method signature="CO_005()[pri:0, instance:testCaseRepo.TC_005@131ef10]" started-at="2025-04-03T15:12:00 IST" name="CO_005" finished-at="2025-04-03T15:12:18 IST" duration-ms="18488" status="PASS">
          <reporter-output>
          </reporter-output>
        </test-method> <!-- CO_005 -->
        <test-method is-config="true" signature="signoutOperation()[pri:0, instance:testCaseRepo.TC_005@131ef10]" started-at="2025-04-03T15:12:18 IST" name="signoutOperation" finished-at="2025-04-03T15:12:21 IST" duration-ms="2497" status="PASS">
          <reporter-output>
          </reporter-output>
        </test-method> <!-- signoutOperation -->
        <test-method is-config="true" signature="closeBrowser()[pri:0, instance:testCaseRepo.TC_005@131ef10]" started-at="2025-04-03T15:12:21 IST" name="closeBrowser" finished-at="2025-04-03T15:12:21 IST" duration-ms="396" status="PASS">
          <reporter-output>
          </reporter-output>
        </test-method> <!-- closeBrowser -->
        <test-method is-config="true" signature="CloseDBConnection()[pri:0, instance:testCaseRepo.TC_005@131ef10]" started-at="2025-04-03T15:12:21 IST" name="CloseDBConnection" finished-at="2025-04-03T15:12:21 IST" duration-ms="0" status="PASS">
          <reporter-output>
          </reporter-output>
        </test-method> <!-- CloseDBConnection -->
      </class> <!-- testCaseRepo.TC_005 -->
    </test> <!-- Default test -->
  </suite> <!-- Default suite -->
</testng-results>
